<?xml version="1.0" encoding="UTF-8"?>
<testng-results ignored="0" total="1" passed="1" failed="0" skipped="0">
  <reporter-output>
  </reporter-output>
  <suite started-at="2024-10-07T11:30:50 IST" name="Master Suite" finished-at="2024-10-07T11:31:26 IST" duration-ms="36308">
    <groups>
    </groups>
    <test started-at="2024-10-07T11:30:50 IST" name="Allegiant End to End" finished-at="2024-10-07T11:31:26 IST" duration-ms="36308">
      <class name="testSuite.AllegiantSuite">
        <test-method is-config="true" signature="beforeClass()[pri:0, instance:testSuite.AllegiantSuite@75e91545]" started-at="2024-10-07T11:30:50 IST" name="beforeClass" finished-at="2024-10-07T11:31:06 IST" duration-ms="15923" status="PASS">
          <reporter-output>
          </reporter-output>
        </test-method> <!-- beforeClass -->
        <test-method signature="TC_01_HomePage()[pri:0, instance:testSuite.AllegiantSuite@75e91545]" started-at="2024-10-07T11:31:06 IST" name="TC_01_HomePage" finished-at="2024-10-07T11:31:25 IST" duration-ms="19496" status="PASS">
          <reporter-output>
          </reporter-output>
        </test-method> <!-- TC_01_HomePage -->
        <test-method is-config="true" signature="afterClass()[pri:0, instance:testSuite.AllegiantSuite@75e91545]" started-at="2024-10-07T11:31:25 IST" name="afterClass" finished-at="2024-10-07T11:31:26 IST" duration-ms="656" status="PASS">
          <reporter-output>
          </reporter-output>
        </test-method> <!-- afterClass -->
      </class> <!-- testSuite.AllegiantSuite -->
    </test> <!-- Allegiant End to End -->
  </suite> <!-- Master Suite -->
</testng-results>
