<?xml version="1.0" encoding="UTF-8"?>
<testng-results ignored="0" total="1" passed="1" failed="0" skipped="0">
  <reporter-output>
  </reporter-output>
  <suite started-at="2024-11-04T11:15:33 IST" name="Default suite" finished-at="2024-11-04T11:18:22 IST" duration-ms="168278">
    <groups>
    </groups>
    <test started-at="2024-11-04T11:15:33 IST" name="Default test" finished-at="2024-11-04T11:18:22 IST" duration-ms="168278">
      <class name="testSuite.AllegiantSuite">
        <test-method is-config="true" signature="beforeClass()[pri:0, instance:testSuite.AllegiantSuite@7446d8d5]" started-at="2024-11-04T11:15:33 IST" name="beforeClass" finished-at="2024-11-04T11:15:42 IST" duration-ms="8685" status="PASS">
          <reporter-output>
          </reporter-output>
        </test-method> <!-- beforeClass -->
        <test-method signature="TC_02_RoundTrip()[pri:0, instance:testSuite.AllegiantSuite@7446d8d5]" started-at="2024-11-04T11:15:42 IST" name="TC_02_RoundTrip" finished-at="2024-11-04T11:18:21 IST" duration-ms="159194" status="PASS">
          <reporter-output>
          </reporter-output>
        </test-method> <!-- TC_02_RoundTrip -->
        <test-method is-config="true" signature="afterClass()[pri:0, instance:testSuite.AllegiantSuite@7446d8d5]" started-at="2024-11-04T11:18:21 IST" name="afterClass" finished-at="2024-11-04T11:18:22 IST" duration-ms="366" status="PASS">
          <reporter-output>
          </reporter-output>
        </test-method> <!-- afterClass -->
      </class> <!-- testSuite.AllegiantSuite -->
    </test> <!-- Default test -->
  </suite> <!-- Default suite -->
</testng-results>
